<?xml version="1.0" encoding="UTF-8"?>
<!-- Generated by org.testng.reporters.JUnitXMLReporter -->
<testsuite ignored="4" hostname="AELTA000MON06" failures="0" tests="4" name="Test" time="57.258" errors="0" timestamp="2023-10-03T19:17:03 IST">
  <testcase classname="cos_Test.COS_TestCases" name="Login" time="5.62"/>
  <testcase classname="cos_Test.COS_TestCases" name="CosConsole" time="0.858"/>
  <testcase classname="cos_Test.COS_TestCases" name="CosOrderSearch" time="5.348"/>
  <testcase classname="cos_Test.COS_TestCases" name="Returns" time="38.825"/>
  <testcase classname="cos_Test.COS_TestCases" name="Cancellation" time="0.0">
    <ignored/>
  </testcase> <!-- Cancellation -->
  <testcase classname="cos_Test.COS_TestCases" name="SlotPanelClick" time="0.0">
    <ignored/>
  </testcase> <!-- SlotPanelClick -->
  <testcase classname="cos_Test.COS_TestCases" name="CustCancellation" time="0.0">
    <ignored/>
  </testcase> <!-- CustCancellation -->
  <testcase classname="cos_Test.COS_TestCases" name="SlotChangeChecks" time="0.0">
    <ignored/>
  </testcase> <!-- SlotChangeChecks -->
</testsuite> <!-- Test -->
