<?xml version="1.0" encoding="UTF-8"?>
<!-- Generated by org.testng.reporters.JUnitXMLReporter -->
<testsuite ignored="5" hostname="AELTA000MON06" failures="0" tests="4" name="Test" time="49.9" errors="0" timestamp="2023-10-06T17:06:32 IST">
  <testcase classname="cos_Test.COS_TestCases" name="Login" time="5.632"/>
  <testcase classname="cos_Test.COS_TestCases" name="CosConsole" time="9.791"/>
  <testcase classname="cos_Test.COS_TestCases" name="CosOrderSearch" time="8.164"/>
  <testcase classname="cos_Test.COS_TestCases" name="markCancel" time="17.772"/>
  <testcase classname="cos_Test.COS_TestCases" name="Cancellation" time="0.0">
    <ignored/>
  </testcase> <!-- Cancellation -->
  <testcase classname="cos_Test.COS_TestCases" name="SlotChangeChecks" time="0.0">
    <ignored/>
  </testcase> <!-- SlotChangeChecks -->
  <testcase classname="cos_Test.COS_TestCases" name="Returns" time="0.0">
    <ignored/>
  </testcase> <!-- Returns -->
  <testcase classname="cos_Test.COS_TestCases" name="SlotPanelClick" time="0.0">
    <ignored/>
  </testcase> <!-- SlotPanelClick -->
  <testcase classname="cos_Test.COS_TestCases" name="CustCancellation" time="0.0">
    <ignored/>
  </testcase> <!-- CustCancellation -->
</testsuite> <!-- Test -->
