<?xml version="1.0" encoding="UTF-8"?>
<testng-results ignored="0" total="1" passed="1" failed="0" skipped="0">
  <reporter-output>
    <line>
      <![CDATA[*=*=* BROWSER SESSION STARTED *=*=*
]]>
    </line>
    <line>
      <![CDATA[Login Test Passed.]]>
    </line>
    <line>
      <![CDATA[
*=*=* BROWSER SESSION END *=*=*]]>
    </line>
  </reporter-output>
  <suite started-at="2023-10-06T14:49:42 IST" name="Suite" finished-at="2023-10-06T14:49:54 IST" duration-ms="12304">
    <groups>
    </groups>
    <test started-at="2023-10-06T14:49:42 IST" name="Test" finished-at="2023-10-06T14:49:54 IST" duration-ms="12304">
      <class name="cos_Test.COS_TestCases">
        <test-method signature="Login(java.lang.String,java.lang.String)[pri:1, instance:cos_Test.COS_TestCases@48bb62]" started-at="2023-10-06T14:49:48 IST" name="Login" description="This is a Login Test for Enterprise." finished-at="2023-10-06T14:49:54 IST" duration-ms="5642" status="PASS">
          <params>
            <param index="0">
              <value>
                <![CDATA[Abhinav]]>
              </value>
            </param>
            <param index="1">
              <value>
                <![CDATA[Abhinav@6543]]>
              </value>
            </param>
          </params>
          <reporter-output>
            <line>
              <![CDATA[Login Test Passed.]]>
            </line>
          </reporter-output>
        </test-method> <!-- Login -->
      </class> <!-- cos_Test.COS_TestCases -->
      <class name="enterprise_workbench.Baseclass">
        <test-method is-config="true" signature="setUp()[pri:0, instance:enterprise_workbench.Baseclass@72035809]" started-at="2023-10-06T14:49:42 IST" name="setUp" finished-at="2023-10-06T14:49:48 IST" duration-ms="6023" status="PASS">
          <reporter-output>
            <line>
              <![CDATA[*=*=* BROWSER SESSION STARTED *=*=*
]]>
            </line>
          </reporter-output>
        </test-method> <!-- setUp -->
        <test-method is-config="true" signature="tearDown()[pri:0, instance:enterprise_workbench.Baseclass@72035809]" started-at="2023-10-06T14:49:54 IST" name="tearDown" finished-at="2023-10-06T14:49:54 IST" duration-ms="602" status="PASS">
          <reporter-output>
            <line>
              <![CDATA[
*=*=* BROWSER SESSION END *=*=*]]>
            </line>
          </reporter-output>
        </test-method> <!-- tearDown -->
      </class> <!-- enterprise_workbench.Baseclass -->
    </test> <!-- Test -->
  </suite> <!-- Suite -->
</testng-results>
